Qflow migration logfile created on Mon Jan 6 19:53:21 WIB 2025
magic -dnull -noconsole  migrate_vending_machine_18105070.tcl

Magic 8.3 revision 497 - Compiled on Fri Oct 18 07:13:23 WIB 2024.
Starting magic under Tcl interpreter
Using the terminal as the console.
Using NULL graphics device.
Processing system .magicrc file
Input style lambda=0.20(p): scaleFactor=20, multiplier=1
Contact size value ignored (using GDS generation rules).
Contact size value ignored (using GDS generation rules).
Contact size value ignored (using GDS generation rules).
Contact size value ignored (using GDS generation rules).
Contact size value ignored (using GDS generation rules).
Contact size value ignored (using GDS generation rules).
The following types are not handled by extraction and will be treated as non-electrical types:
    n_field_implant p_field_implant nselect pselect glass filln filla fillb xp m1p m2p m3p m4p comment bb 
4 Magic internal units = 1 Lambda
Loading "migrate_vending_machine_18105070.tcl" from command line.
Root cell box:
           width x height  (   llx,  lly  ), (   urx,  ury  )

microns:   0.000 x 0.000   ( 0.000,  0.000), ( 0.000,  0.000)
lambda:     0.00 x 0.00    (  0.00,  0.00 ), (  0.00,  0.00 )
internal:      0 x 0       (     0,  0    ), (     0,  0    )
Reading LEF data from file /usr/local/share/qflow/tech/osu035/osu035_stdcells.lef.
This action cannot be undone.
LEF read: Processed 3179 lines.
Reading DEF data from file vending_machine_18105070.def.
This action cannot be undone.
  Processed 3 vias total.
  Processed 86 subcell instances total.
  Processed 9 pins total.
  Processed 56 nets total.
DEF read, Line 822 (Warning): Number of nets read (10) does not match the number declared (12).
DEF read: Processed 824 lines.
DEF Read: encountered 1 warning total.
Generating LEF output vending_machine_18105070.lef for cell vending_machine_18105070:
Diagnostic:  Write LEF header for cell vending_machine_18105070
Diagnostic:  Writing LEF output for cell vending_machine_18105070
Diagnostic:  Scale value is 0.050000
Extracting BUFX2 into BUFX2.ext:
Extracting DFFPOSX1 into DFFPOSX1.ext:
Extracting NAND3X1 into NAND3X1.ext:
Extracting NAND2X1 into NAND2X1.ext:
Extracting INVX1 into INVX1.ext:
Extracting AOI21X1 into AOI21X1.ext:
Extracting OAI21X1 into OAI21X1.ext:
Extracting FILL into FILL.ext:
Extracting AOI22X1 into AOI22X1.ext:
Extracting NOR2X1 into NOR2X1.ext:
Extracting NOR3X1 into NOR3X1.ext:
Extracting XNOR2X1 into XNOR2X1.ext:
Extracting vending_machine_18105070 into vending_machine_18105070.ext:
exttospice finished.
Migration script ended on Mon Jan 6 19:53:21 WIB 2025
