Qflow placement logfile created on Mon Jan 6 19:52:56 WIB 2025
Running vlog2Cel to generate input files for graywolf
vlog2Cel  -l  /usr/local/share/qflow/tech/osu035/osu035_stdcells.lef -u 100 -o /home/asd01a/Documents/Kelompok_5/layout/vending_machine_18105070.cel /home/asd01a/Documents/Kelompok_5/synthesis/vending_machine_18105070.rtlnopwr.v
No vending_machine_18105070.cel1 file found for project. . . no partial blockages to apply to layout.
No vending_machine_18105070.cel2 file found for project. . . continuing without pin placement hints
Running GrayWolf placement
graywolf  vending_machine_18105070

twflow version:2.1 date:Mon May 25 21:15:08 EDT 1992
Authors: Bill Swartz, Carl Sechen
         Yale University

syntax version:v1.1 date:Mon May 25 21:11:10 EDT 1992
TimberWolf System Syntax Checker
Authors: Carl Sechen, Kai-Win Lee, Bill Swartz,
         Dahe Chen, and Jimmy Lam
         Yale University

Read   50 objects so far...
No syntax errors were found

syntax terminated normally with no errors and 0 warning[s]


----------------------------
Total stdcells     :52
Total cell width   :3.81e+04
Total cell height  :1.04e+05
Total cell area    :7.62e+07
Total core area    :7.62e+07
Average cell height:2.00e+03


nocut - replacement for Mincut version:v1.0 date:Mon May 25 21:09:40 EDT 1992
TimberWolf System Floorplan Setup Program
Authors: Carl Sechen, Bill Swartz,
         Yale University

Read   50 objects so far...
Splitting vending_machine_18105070.cel into vending_machine_18105070.scel and vending_machine_18105070.mcel...
	done!


nocut - replacement for Mincut terminated normally with no errors and 0 warning[s]


TimberWolfMC version:v2.2 date:Mon May 25 21:18:34 EDT 1992
Authors: Carl Sechen, Bill Swartz, Kai-Win Lee
         Dahe Chen, and Jimmy Lam
         Yale University

config version:v1.0 date:Mon May 25 20:57:18 EDT 1992
Row configuration program
    Yale University


config switches:
	Graphics mode on
	config will inherit window



config terminated normally with no errors and 0 warning[s]


TimberWolfMC terminated normally with no errors and 0 warning[s]



TimberWolfSC switches:
	Graphics mode on
	TimberWolfSC will inherit window

TimberWolfSC version:v6.0 date:Mon May 25 21:19:07 EDT 1992
Row-Based Placement and Global Routing Program
Authors: Carl Sechen, Kai-Win Lee, and Bill Swartz,
         Yale University
  0 
  1   2   3   4   5   6   7   8   9  10  11  12  13  14  15 
 16  17  18  19  20  21  22  23  24  25  26  27  28  29  30 
 31  32  33  34  35  36  37  38  39  40  41  42  43  44  45 
 46  47  48  49  50  51  52  53  54  55  56  57  58  59  60 
 61  62  63  64  65  66  67  68  69  70  71  72  73  74  75 
 76  77  78  79  80  81  82  83  84  85  86  87  88  89  90 
 91  92  93  94  95  96  97  98  99 100 101 102 103 104 105 
106 107 108 109 110 111 112 113 114 115 116 117 118 119 120 
121 122 123 124 125 126 127 128 129 130 131 132 133 134 135 
136 137 138 139 140 141 142 143 144 145 146 147 148 149 150 
151 152 153 154 155 156 157 158 
 block left edge is at -399
 the longest block length is 10560
 building the steiner trees
 rebuilding the steiner tree

----start doing coarse global routing ------ 
 ITERATION  1

  longest Row is:2   Its length is:9600
 doing feed-through pins assignment
 building the net-tree now !
 set up the global routing grids
 the starting value of tracks =   31
 tracks =  28 at attempts =  1000
 removing redundant feed-through pins
 the connectivity of all the nets is verified

 block left edge is at -399
 the longest block length is 10560
 building the steiner trees
 rebuilding the steiner tree

----start doing coarse global routing ------ 
 ITERATION  1

  longest Row is:2   Its length is:9600
 doing feed-through pins assignment
 building the net-tree now !
 set up the global routing grids
 the starting value of tracks =   29
 tracks =  28 at attempts =  1000
 removing redundant feed-through pins
 the connectivity of all the nets is verified

 block left edge is at -399
 the longest block length is 10560
 building the steiner trees
 rebuilding the steiner tree

----start doing coarse global routing ------ 
 ITERATION  1

  longest Row is:2   Its length is:9600
 doing feed-through pins assignment
 building the net-tree now !
 set up the global routing grids
 the starting value of tracks =   29
 tracks =  27 at attempts =  1000
 removing redundant feed-through pins
 the connectivity of all the nets is verified

 block left edge is at -399
 the longest block length is 10560
 building the steiner trees
 rebuilding the steiner tree

----start doing coarse global routing ------ 
 ITERATION  1

  longest Row is:2   Its length is:9600
 doing feed-through pins assignment
 building the net-tree now !
 set up the global routing grids
 the starting value of tracks =   30
 tracks =  30 at attempts =  1000
 removing redundant feed-through pins
 the connectivity of all the nets is verified

 block left edge is at -399
 the longest block length is 10560
 building the steiner trees
 rebuilding the steiner tree

----start doing coarse global routing ------ 
 ITERATION  1

  longest Row is:2   Its length is:9600
 doing feed-through pins assignment
 building the net-tree now !
 set up the global routing grids
 the starting value of tracks =   30
 tracks =  28 at attempts =  1000
 removing redundant feed-through pins
 the connectivity of all the nets is verified

 block left edge is at -399
 the longest block length is 10560
 building the steiner trees
 rebuilding the steiner tree

----start doing coarse global routing ------ 
 ITERATION  1

  longest Row is:2   Its length is:9600
 doing feed-through pins assignment
 building the net-tree now !
 set up the global routing grids
 the starting value of tracks =   28
 tracks =  28 at attempts =  1000
 removing redundant feed-through pins
 the connectivity of all the nets is verified

 block left edge is at -399
 the longest block length is 10560
 building the steiner trees
 rebuilding the steiner tree

----start doing coarse global routing ------ 
 ITERATION  1

  longest Row is:2   Its length is:9600
 doing feed-through pins assignment
 building the net-tree now !
 set up the global routing grids
 the starting value of tracks =   31
 tracks =  28 at attempts =  1000
 removing redundant feed-through pins
 the connectivity of all the nets is verified

 block left edge is at -399
 the longest block length is 10560
 building the steiner trees
 rebuilding the steiner tree

----start doing coarse global routing ------ 
 ITERATION  1

  longest Row is:2   Its length is:9600
 doing feed-through pins assignment
 building the net-tree now !
 set up the global routing grids
 the starting value of tracks =   30
 tracks =  30 at attempts =  1000
 removing redundant feed-through pins
 the connectivity of all the nets is verified


***********************************************
*ACTUAL* FINAL NUMBER OF ROUTING TRACKS: 27
***********************************************


TimberWolfSC terminated normally with no errors and 0 warning[s]


twflow terminated normally with no errors and 0 warning[s]

Running getantennacell to determine cell to use for antenna anchors.
getantennacell.tcl vending_machine_18105070  /usr/local/share/qflow/tech/osu035/osu035_stdcells.lef 
Running getfillcell to determine cell to use for fill.
getfillcell.tcl vending_machine_18105070  /usr/local/share/qflow/tech/osu035/osu035_stdcells.lef FILL
Using cell FILL for fill
Running place2def to translate graywolf output to DEF format.
place2def.tcl vending_machine_18105070 FILL 
Running place2def.tcl
DEF database: 100 units per micron
Limits: xbot = -750.0 ybot = -530.0 xtop = 9710.0 ytop = 8330.0
Core values: 80 100 9680 8100
Offsets: 80 100
4 routing layers
45 horizontal tracks from -400.0 to 8600.0 step 200 (M1, M3, ...)
67 vertical tracks from -480.0 to 10240.0 step 160 (M2, M4, ...)
Summary: Total components = 52
  Fill cells  = 0
  Other cells = 52
Done with place2def.tcl
Running addspacers to generate power stripes and align cell right edge
addspacers -stripe 5 150 PG -stripe 5.0 150.0 PG -p vdd -g gnd -f FILL -O -stripe 5.0 150.0 PG  -l  /usr/local/share/qflow/tech/osu035/osu035_stdcells.lef -o vending_machine_18105070_filled.def vending_machine_18105070
Stripe pitch requested = 150, stripe pitch used = 150.4
Stripe width requested = 5, stripe width used = 6.4
Initial core layout: (80 100) to (9680 8100) (scale um * 100)
Stripe pitch reduced from 150 to 48 to fit in layout
Running arrangepins to adjust pin positions for optimal routing.
arrangepins.tcl  vending_machine_18105070
Reading info file vending_machine_18105070.info. . .
Reading DEF file vending_machine_18105070.def. . .
Recalculating pin positions
Writing DEF file vending_machine_18105070_mod.def. . .
Done with arrangepins.tcl
DEF2Verilog -v /home/asd01a/Documents/Kelompok_5/synthesis/vending_machine_18105070.rtlnopwr.v -o /home/asd01a/Documents/Kelompok_5/synthesis/vending_machine_18105070_anno.v
-p vdd -g gnd  -l  /usr/local/share/qflow/tech/osu035/osu035_stdcells.lef vending_machine_18105070.def

Generating RTL verilog and SPICE netlist file in directory
   /home/asd01a/Documents/Kelompok_5/synthesis
Files:
   Verilog: /home/asd01a/Documents/Kelompok_5/synthesis/vending_machine_18105070.rtl.v
   Verilog: /home/asd01a/Documents/Kelompok_5/synthesis/vending_machine_18105070.rtlnopwr.v
   Verilog: /home/asd01a/Documents/Kelompok_5/synthesis/vending_machine_18105070.rtlbb.v
   Spice:   /home/asd01a/Documents/Kelompok_5/synthesis/vending_machine_18105070.spc

Running vlog2Verilog.
vlog2Verilog -c -v vdd -g gnd -o vending_machine_18105070.rtl.v vending_machine_18105070_anno.v
vlog2Verilog -c -p -v vdd -g gnd -o vending_machine_18105070.rtlnopwr.v vending_machine_18105070_anno.v
vlog2Verilog -c -b -p -n -v vdd -g gnd -o vending_machine_18105070.rtlbb.v vending_machine_18105070_anno.v
Running vlog2Spice.
vlog2Spice -i -l  /usr/local/share/qflow/tech/osu035/osu035_stdcells.sp -o vending_machine_18105070.spc vending_machine_18105070.rtl.v
Placement script ended on Mon Jan 6 19:53:06 WIB 2025
