Qflow route logfile created on Mon Jan 6 19:53:13 WIB 2025
qrouter -noc  -s vending_machine_18105070.cfg
Qrouter detail maze router version 1.4.88.T
Reading LEF data from file /usr/local/share/qflow/tech/osu035/osu035_stdcells.lef.
LEF Read, Line 135: NOTE:  Old format VIARULE ignored.
LEF Read, Line 136: NOTE:  Old format VIARULE ignored.
LEF Read, Line 140: NOTE:  Old format VIARULE ignored.
LEF Read, Line 141: NOTE:  Old format VIARULE ignored.
LEF Read, Line 151: NOTE:  Old format VIARULE ignored.
LEF Read, Line 152: NOTE:  Old format VIARULE ignored.
LEF Read, Line 156: NOTE:  Old format VIARULE ignored.
LEF Read, Line 157: NOTE:  Old format VIARULE ignored.
LEF Read, Line 167: NOTE:  Old format VIARULE ignored.
LEF Read, Line 168: NOTE:  Old format VIARULE ignored.
LEF Read, Line 172: NOTE:  Old format VIARULE ignored.
LEF Read, Line 173: NOTE:  Old format VIARULE ignored.
LEF file:  Defines site corner (ignored)
LEF file:  Defines site IO (ignored)
LEF file:  Defines site core (ignored)
LEF read: Processed 3179 lines.
LEF Read: encountered 0 errors and 12 warnings total.
Vertical route layer at non-minimum pitch 3.2.  Using smaller pitch 1.6, will route on 1-of-2 tracks for layer metal4.
Reading DEF data from file vending_machine_18105070.def.
Diagnostic: Design name: "vending_machine_18105070"
  Processed 3 vias total.
  Processed 86 subcell instances total.
  Processed 9 pins total.
  Processed 56 nets total (0 fixed).
  Processed 2 special nets total (4 fixed).
DEF read: Processed 420 lines.
Output scale = microns / 100, precision 1
There are 58 nets in this design.
*** Running stage1 routing with defaults
Finished routing net in[1]
Nets remaining: 57
Finished routing net rst
Nets remaining: 56
Finished routing net in[0]
Nets remaining: 55
Finished routing net n_state[1]
Nets remaining: 54
Finished routing net clk
Nets remaining: 53
Finished routing net n_state[2]
Nets remaining: 52
Finished routing net _14_
Nets remaining: 51
Finished routing net _5_
Nets remaining: 50
Finished routing net _6_
Nets remaining: 49
Finished routing net _8_
Nets remaining: 48
Finished routing net _11_
Nets remaining: 47
Finished routing net _41_[0]
Nets remaining: 46
Finished routing net _19_
Nets remaining: 45
Finished routing net _26_
Nets remaining: 44
Finished routing net _42_
Nets remaining: 43
Finished routing net _2_
Nets remaining: 42
Finished routing net _3_
Nets remaining: 41
Finished routing net _4_
Nets remaining: 40
Finished routing net _9_
Nets remaining: 39
Finished routing net _10_
Nets remaining: 38
Finished routing net _13_
Nets remaining: 37
Finished routing net _16_
Nets remaining: 36
Finished routing net _22_
Nets remaining: 35
Finished routing net _23_
Nets remaining: 34
Finished routing net _27_
Nets remaining: 33
Finished routing net _41_[1]
Nets remaining: 32
Finished routing net _30_
Nets remaining: 31
Finished routing net _36_
Nets remaining: 30
Finished routing net _7_
Nets remaining: 29
Finished routing net _12_
Nets remaining: 28
Finished routing net _0_[0]
Nets remaining: 27
Finished routing net _15_
Nets remaining: 26
Finished routing net _17_
Nets remaining: 25
Finished routing net _18_
Nets remaining: 24
Finished routing net _0_[1]
Nets remaining: 23
Finished routing net _20_
Nets remaining: 22
Finished routing net _21_
Nets remaining: 21
Finished routing net _24_
Nets remaining: 20
Finished routing net _25_
Nets remaining: 19
Finished routing net _28_
Nets remaining: 18
Finished routing net _29_
Nets remaining: 17
Finished routing net _43_[0]
Nets remaining: 16
Finished routing net _31_
Nets remaining: 15
Finished routing net _32_
Nets remaining: 14
Finished routing net _33_
Nets remaining: 13
Finished routing net _43_[1]
Nets remaining: 12
Finished routing net _34_
Nets remaining: 11
Finished routing net _35_
Nets remaining: 10
Finished routing net _37_
Nets remaining: 9
Finished routing net _38_
Nets remaining: 8
Finished routing net _39_
Nets remaining: 7
Finished routing net _40_
Nets remaining: 6
Finished routing net _1_
Nets remaining: 5
Finished routing net change[0]
Nets remaining: 4
Finished routing net change[1]
Nets remaining: 3
Finished routing net out
Nets remaining: 2

----------------------------------------------
Progress: Stage 1 total routes completed: 121
No failed routes!
----------------------------------------------
*** Running stage3 routing with defaults, 1st round
Finished routing net in[1]
Nets remaining: 57
Finished routing net rst
Nets remaining: 56
Finished routing net in[0]
Nets remaining: 55
Finished routing net n_state[1]
Nets remaining: 54
Finished routing net clk
Nets remaining: 53
Finished routing net n_state[2]
Nets remaining: 52
Finished routing net _14_
Nets remaining: 51
Finished routing net _5_
Nets remaining: 50
Finished routing net _6_
Nets remaining: 49
Finished routing net _8_
Nets remaining: 48
Finished routing net _11_
Nets remaining: 47
Finished routing net _41_[0]
Nets remaining: 46
Finished routing net _19_
Nets remaining: 45
Finished routing net _26_
Nets remaining: 44
Finished routing net _42_
Nets remaining: 43
Finished routing net _2_
Nets remaining: 42
Finished routing net _3_
Nets remaining: 41
Finished routing net _4_
Nets remaining: 40
Finished routing net _9_
Nets remaining: 39
Finished routing net _10_
Nets remaining: 38
Finished routing net _13_
Nets remaining: 37
Finished routing net _16_
Nets remaining: 36
Finished routing net _22_
Nets remaining: 35
Finished routing net _23_
Nets remaining: 34
Finished routing net _27_
Nets remaining: 33
Finished routing net _41_[1]
Nets remaining: 32
Finished routing net _30_
Nets remaining: 31
Finished routing net _36_
Nets remaining: 30
Keeping route for net _7_
Finished routing net _12_
Nets remaining: 28
Finished routing net _0_[0]
Nets remaining: 27
Finished routing net _15_
Nets remaining: 26
Finished routing net _17_
Nets remaining: 25
Finished routing net _18_
Nets remaining: 24
Finished routing net _0_[1]
Nets remaining: 23
Finished routing net _20_
Nets remaining: 22
Finished routing net _21_
Nets remaining: 21
Finished routing net _24_
Nets remaining: 20
Finished routing net _25_
Nets remaining: 19
Finished routing net _28_
Nets remaining: 18
Finished routing net _29_
Nets remaining: 17
Finished routing net _43_[0]
Nets remaining: 16
Finished routing net _31_
Nets remaining: 15
Finished routing net _32_
Nets remaining: 14
Finished routing net _33_
Nets remaining: 13
Finished routing net _43_[1]
Nets remaining: 12
Keeping route for net _34_
Keeping route for net _35_
Keeping route for net _37_
Finished routing net _38_
Nets remaining: 8
Finished routing net _39_
Nets remaining: 7
Finished routing net _40_
Nets remaining: 6
Finished routing net _1_
Nets remaining: 5
Keeping route for net change[0]
Finished routing net change[1]
Nets remaining: 3
Finished routing net out
Nets remaining: 2

----------------------------------------------
Progress: Stage 3 total routes completed: 237
No failed routes!
----------------------------------------------
*** Running stage3 routing with defaults, 2nd round
Finished routing net in[1]
Nets remaining: 57
Finished routing net rst
Nets remaining: 56
Finished routing net in[0]
Nets remaining: 55
Finished routing net n_state[1]
Nets remaining: 54
Finished routing net clk
Nets remaining: 53
Finished routing net n_state[2]
Nets remaining: 52
Finished routing net _14_
Nets remaining: 51
Finished routing net _5_
Nets remaining: 50
Finished routing net _6_
Nets remaining: 49
Finished routing net _8_
Nets remaining: 48
Finished routing net _11_
Nets remaining: 47
Finished routing net _41_[0]
Nets remaining: 46
Finished routing net _19_
Nets remaining: 45
Finished routing net _26_
Nets remaining: 44
Finished routing net _42_
Nets remaining: 43
Finished routing net _2_
Nets remaining: 42
Finished routing net _3_
Nets remaining: 41
Finished routing net _4_
Nets remaining: 40
Finished routing net _9_
Nets remaining: 39
Finished routing net _10_
Nets remaining: 38
Finished routing net _13_
Nets remaining: 37
Finished routing net _16_
Nets remaining: 36
Finished routing net _22_
Nets remaining: 35
Finished routing net _23_
Nets remaining: 34
Finished routing net _27_
Nets remaining: 33
Finished routing net _41_[1]
Nets remaining: 32
Finished routing net _30_
Nets remaining: 31
Finished routing net _36_
Nets remaining: 30
Keeping route for net _7_
Finished routing net _12_
Nets remaining: 28
Finished routing net _0_[0]
Nets remaining: 27
Finished routing net _15_
Nets remaining: 26
Finished routing net _17_
Nets remaining: 25
Finished routing net _18_
Nets remaining: 24
Finished routing net _0_[1]
Nets remaining: 23
Finished routing net _20_
Nets remaining: 22
Finished routing net _21_
Nets remaining: 21
Finished routing net _24_
Nets remaining: 20
Finished routing net _25_
Nets remaining: 19
Finished routing net _28_
Nets remaining: 18
Finished routing net _29_
Nets remaining: 17
Finished routing net _43_[0]
Nets remaining: 16
Finished routing net _31_
Nets remaining: 15
Finished routing net _32_
Nets remaining: 14
Finished routing net _33_
Nets remaining: 13
Finished routing net _43_[1]
Nets remaining: 12
Keeping route for net _34_
Keeping route for net _35_
Keeping route for net _37_
Finished routing net _38_
Nets remaining: 8
Finished routing net _39_
Nets remaining: 7
Finished routing net _40_
Nets remaining: 6
Finished routing net _1_
Nets remaining: 5
Keeping route for net change[0]
Finished routing net change[1]
Nets remaining: 3
Finished routing net out
Nets remaining: 2

----------------------------------------------
Progress: Stage 3 total routes completed: 353
No failed routes!
----------------------------------------------
*** Writing DEF file vending_machine_18105070_route.def
emit_routes():  DEF file has 56 nets and 4 specialnets.
but qrouter wants to write 58 nets and specialnets.
----------------------------------------------
Final: No failed routes!
----------------------------------------------
*** Writing RC file vending_machine_18105070_route.rc
Route segment 0 was not walked!
Route segment 1 was not walked!
Route segment 2 was not walked!
Route segment 3 was not walked!
Route segment 4 was not walked!
Route segment 6 was not walked!
Route segment 7 was not walked!
Route segment 8 was not walked!
Route segment 9 was not walked!
Route segment 10 was not walked!
Route segment 11 was not walked!
Route segment 12 was not walked!
Route segment 13 was not walked!
DEF2Verilog -v /home/asd01a/Documents/Kelompok_5/synthesis/vending_machine_18105070.rtlnopwr.v -o /home/asd01a/Documents/Kelompok_5/synthesis/vending_machine_18105070_postroute.v
-p vdd -g gnd  -l  /usr/local/share/qflow/tech/osu035/osu035_stdcells.lef vending_machine_18105070_route.def

Generating RTL verilog and SPICE netlist file in directory
   /home/asd01a/Documents/Kelompok_5/synthesis
Running vlog2Verilog.
vlog2Verilog -c -v vdd -g gnd -o vending_machine_18105070.rtl.anno.v vending_machine_18105070_postroute.v
vlog2Verilog -c -p -v vdd -g gnd -o vending_machine_18105070.rtlnopwr.anno.v vending_machine_18105070_postroute.v
/usr/local/share/qflow/bin/vlog2Verilog -c -b -p -n -v vdd -g gnd -o vending_machine_18105070.rtlbb.anno.v vending_machine_18105070_postroute.v
Running vlog2Spice.
vlog2Spice -i -l  /usr/local/share/qflow/tech/osu035/osu035_stdcells.sp -o vending_machine_18105070.anno.spc vending_machine_18105070.rtl.anno.v
Router script ended on Mon Jan 6 19:53:14 WIB 2025
